<?xml version="1.0" encoding="UTF-8"?>
<testsuite xmlns:xsi="http://www.w3.org/2001/XMLSchema-instance" xsi:noNamespaceSchemaLocation="https://maven.apache.org/surefire/maven-surefire-plugin/xsd/surefire-test-report.xsd" version="3.0.1" name="fr.julienlavocat.aoc.d01.Test02" time="0.011" tests="1" errors="0" skipped="0" failures="0">
  <properties>
[...]
</properties>
  <testcase name="p2_shouldFind4SafeReportsWithDampener" classname="fr.julienlavocat.aoc.d01.Test02" time="0.01">
    <system-out><![CDATA[[1, 2, 7, 8, 9] unsafe: level 5, 2 7
[2, 7, 8, 9] unsafe: level 5, 2 7
[1, 7, 8, 9] unsafe: level 6, 1 7
[1, 2, 8, 9] unsafe: level 6, 2 8
[1, 2, 7, 9] unsafe: level 5, 2 7
[1, 2, 7, 8] unsafe: level 5, 2 7
[9, 7, 6, 2, 1] unsafe: level 4, 6 2
[7, 6, 2, 1] unsafe: level 4, 6 2
[9, 6, 2, 1] unsafe: level 4, 6 2
[9, 7, 2, 1] unsafe: level 5, 7 2
[9, 7, 6, 1] unsafe: level 5, 6 1
[9, 7, 6, 2] unsafe: level 4, 6 2
[1, 3, 2, 4, 5]unsafe: increasing, 3 2
[3, 2, 4, 5]unsafe: decreasing, 2 4
[8, 6, 4, 4, 1] unsafe: level 0, 4 4
[6, 4, 4, 1] unsafe: level 0, 4 4
[8, 4, 4, 1] unsafe: level 4, 8 4
]]></system-out>
  </testcase>
</testsuite>